{
  "stats": {
    "suites": 1,
    "tests": 1,
    "passes": 1,
    "pending": 0,
    "failures": 0,
    "start": "2023-10-12T01:50:50.742Z",
    "end": "2023-10-12T01:50:53.654Z",
    "duration": 2912,
    "testsRegistered": 1,
    "passPercent": 100,
    "pendingPercent": 0,
    "other": 0,
    "hasOther": false,
    "skipped": 0,
    "hasSkipped": false
  },
  "results": [
    {
      "uuid": "93d4dfce-6ba8-45cb-adf5-b9c5a3a5c625",
      "title": "",
      "fullFile": "cypress\\e2e\\cadastro-correto.cy.js",
      "file": "cypress\\e2e\\cadastro-correto.cy.js",
      "beforeHooks": [],
      "afterHooks": [],
      "tests": [],
      "suites": [
        {
          "uuid": "9a498c97-278c-423b-a3fd-bbfeeb520a6d",
          "title": "Pagina de cadastro",
          "fullFile": "",
          "file": "",
          "beforeHooks": [],
          "afterHooks": [],
          "tests": [
            {
              "title": "Preencher os campos do formulario corretamente para cadastrar um novo usuario",
              "fullTitle": "Pagina de cadastro Preencher os campos do formulario corretamente para cadastrar um novo usuario",
              "timedOut": null,
              "duration": 1682,
              "state": "passed",
              "speed": "fast",
              "pass": true,
              "fail": false,
              "pending": false,
              "context": null,
              "code": "cy.visit('http://localhost:4200/#/home');\ncy.contains('a', 'Register now').click();\ncy.get('[data-test=\"email\"]').type('maisnada@gmail.com');\ncy.get('[data-test=\"fullName\"]').type('Marcelo Palmito');\ncy.get('[data-test=\"registerUserName\"]').type('maisnada');\ncy.get('[data-test=\"registerPassword\"]').type('maisnada123');\ncy.contains('button', 'Register').click();",
              "err": {},
              "uuid": "738cb3c5-6f7f-4a6f-9dc3-5f082f4e2853",
              "parentUUID": "9a498c97-278c-423b-a3fd-bbfeeb520a6d",
              "isHook": false,
              "skipped": false
            }
          ],
          "suites": [],
          "passes": [
            "738cb3c5-6f7f-4a6f-9dc3-5f082f4e2853"
          ],
          "failures": [],
          "pending": [],
          "skipped": [],
          "duration": 1682,
          "root": false,
          "rootEmpty": false,
          "_timeout": 2000
        }
      ],
      "passes": [],
      "failures": [],
      "pending": [],
      "skipped": [],
      "duration": 0,
      "root": true,
      "rootEmpty": true,
      "_timeout": 2000
    }
  ],
  "meta": {
    "mocha": {
      "version": "7.0.1"
    },
    "mochawesome": {
      "options": {
        "quiet": false,
        "reportFilename": "mochawesome",
        "saveHtml": true,
        "saveJson": true,
        "consoleReporter": "spec",
        "useInlineDiffs": false,
        "code": true
      },
      "version": "7.1.3"
    },
    "marge": {
      "options": {
        "reportDir": "cypress/report/mochawesome-report",
        "overwrite": true,
        "html": true,
        "json": true,
        "timestamp": "mmddyyyy_HHMMss"
      },
      "version": "6.2.0"
    }
  }
}